{"/Users/Saatwik_S/Afterlife/authService/src/controllers/authController.js": {"path":"/Users/Saatwik_S/Afterlife/authService/src/controllers/authController.js","statementMap":{"0":{"start":{"line":1,"column":20},"end":{"line":1,"column":54}},"1":{"start":{"line":2,"column":18},"end":{"line":2,"column":53}},"2":{"start":{"line":4,"column":26},"end":{"line":10,"column":1}},"3":{"start":{"line":5,"column":2},"end":{"line":9,"column":3}},"4":{"start":{"line":6,"column":4},"end":{"line":6,"column":64}},"5":{"start":{"line":8,"column":4},"end":{"line":8,"column":67}},"6":{"start":{"line":12,"column":19},"end":{"line":21,"column":1}},"7":{"start":{"line":13,"column":2},"end":{"line":20,"column":3}},"8":{"start":{"line":14,"column":35},"end":{"line":14,"column":47}},"9":{"start":{"line":15,"column":17},"end":{"line":15,"column":65}},"10":{"start":{"line":16,"column":4},"end":{"line":16,"column":69}},"11":{"start":{"line":18,"column":4},"end":{"line":18,"column":22}},"12":{"start":{"line":19,"column":4},"end":{"line":19,"column":38}},"13":{"start":{"line":23,"column":14},"end":{"line":31,"column":1}},"14":{"start":{"line":24,"column":2},"end":{"line":30,"column":3}},"15":{"start":{"line":25,"column":35},"end":{"line":25,"column":47}},"16":{"start":{"line":26,"column":18},"end":{"line":26,"column":61}},"17":{"start":{"line":27,"column":4},"end":{"line":27,"column":70}},"18":{"start":{"line":29,"column":4},"end":{"line":29,"column":38}},"19":{"start":{"line":33,"column":22},"end":{"line":41,"column":1}},"20":{"start":{"line":34,"column":2},"end":{"line":40,"column":3}},"21":{"start":{"line":35,"column":22},"end":{"line":35,"column":35}},"22":{"start":{"line":36,"column":20},"end":{"line":36,"column":58}},"23":{"start":{"line":37,"column":4},"end":{"line":37,"column":75}},"24":{"start":{"line":39,"column":4},"end":{"line":39,"column":38}},"25":{"start":{"line":43,"column":0},"end":{"line":43,"column":53}}},"fnMap":{"0":{"name":"(anonymous_0)","decl":{"start":{"line":4,"column":26},"end":{"line":4,"column":27}},"loc":{"start":{"line":4,"column":47},"end":{"line":10,"column":1}},"line":4},"1":{"name":"(anonymous_1)","decl":{"start":{"line":12,"column":19},"end":{"line":12,"column":20}},"loc":{"start":{"line":12,"column":48},"end":{"line":21,"column":1}},"line":12},"2":{"name":"(anonymous_2)","decl":{"start":{"line":23,"column":14},"end":{"line":23,"column":15}},"loc":{"start":{"line":23,"column":43},"end":{"line":31,"column":1}},"line":23},"3":{"name":"(anonymous_3)","decl":{"start":{"line":33,"column":22},"end":{"line":33,"column":23}},"loc":{"start":{"line":33,"column":51},"end":{"line":41,"column":1}},"line":33}},"branchMap":{"0":{"loc":{"start":{"line":5,"column":2},"end":{"line":9,"column":3}},"type":"if","locations":[{"start":{"line":5,"column":2},"end":{"line":9,"column":3}},{"start":{"line":7,"column":9},"end":{"line":9,"column":3}}],"line":5}},"s":{"0":1,"1":1,"2":1,"3":0,"4":0,"5":0,"6":1,"7":1,"8":1,"9":1,"10":1,"11":0,"12":0,"13":1,"14":0,"15":0,"16":0,"17":0,"18":0,"19":1,"20":0,"21":0,"22":0,"23":0,"24":0,"25":1},"f":{"0":0,"1":1,"2":0,"3":0},"b":{"0":[0,0]},"_coverageSchema":"1a1c01bbd47fc00a2c39e90264f33305004495a9","hash":"d785f72dff8d10c22892a212f3ac1f320b4ea759"}
,"/Users/Saatwik_S/Afterlife/authService/src/database/redis.js": {"path":"/Users/Saatwik_S/Afterlife/authService/src/database/redis.js","statementMap":{"0":{"start":{"line":1,"column":25},"end":{"line":1,"column":41}},"1":{"start":{"line":7,"column":15},"end":{"line":7,"column":29}},"2":{"start":{"line":9,"column":0},"end":{"line":9,"column":27}}},"fnMap":{},"branchMap":{},"s":{"0":1,"1":1,"2":1},"f":{},"b":{},"_coverageSchema":"1a1c01bbd47fc00a2c39e90264f33305004495a9","hash":"b90fc904c861c9c7e4c6e952888242c73e3c656c"}
,"/Users/Saatwik_S/Afterlife/authService/src/database/models/index.js": {"path":"/Users/Saatwik_S/Afterlife/authService/src/database/models/index.js","statementMap":{"0":{"start":{"line":3,"column":11},"end":{"line":3,"column":24}},"1":{"start":{"line":4,"column":13},"end":{"line":4,"column":28}},"2":{"start":{"line":5,"column":18},"end":{"line":5,"column":38}},"3":{"start":{"line":6,"column":16},"end":{"line":6,"column":34}},"4":{"start":{"line":7,"column":17},"end":{"line":7,"column":42}},"5":{"start":{"line":8,"column":12},"end":{"line":8,"column":49}},"6":{"start":{"line":9,"column":15},"end":{"line":9,"column":67}},"7":{"start":{"line":10,"column":11},"end":{"line":10,"column":13}},"8":{"start":{"line":13,"column":0},"end":{"line":17,"column":1}},"9":{"start":{"line":14,"column":2},"end":{"line":14,"column":73}},"10":{"start":{"line":16,"column":2},"end":{"line":16,"column":86}},"11":{"start":{"line":19,"column":0},"end":{"line":32,"column":4}},"12":{"start":{"line":22,"column":4},"end":{"line":27,"column":5}},"13":{"start":{"line":30,"column":18},"end":{"line":30,"column":85}},"14":{"start":{"line":31,"column":4},"end":{"line":31,"column":26}},"15":{"start":{"line":34,"column":0},"end":{"line":38,"column":2}},"16":{"start":{"line":35,"column":2},"end":{"line":37,"column":3}},"17":{"start":{"line":36,"column":4},"end":{"line":36,"column":31}},"18":{"start":{"line":40,"column":0},"end":{"line":40,"column":24}},"19":{"start":{"line":41,"column":0},"end":{"line":41,"column":24}},"20":{"start":{"line":43,"column":0},"end":{"line":43,"column":19}}},"fnMap":{"0":{"name":"(anonymous_0)","decl":{"start":{"line":21,"column":10},"end":{"line":21,"column":11}},"loc":{"start":{"line":21,"column":18},"end":{"line":28,"column":3}},"line":21},"1":{"name":"(anonymous_1)","decl":{"start":{"line":29,"column":11},"end":{"line":29,"column":12}},"loc":{"start":{"line":29,"column":19},"end":{"line":32,"column":3}},"line":29},"2":{"name":"(anonymous_2)","decl":{"start":{"line":34,"column":24},"end":{"line":34,"column":25}},"loc":{"start":{"line":34,"column":37},"end":{"line":38,"column":1}},"line":34}},"branchMap":{"0":{"loc":{"start":{"line":8,"column":12},"end":{"line":8,"column":49}},"type":"binary-expr","locations":[{"start":{"line":8,"column":12},"end":{"line":8,"column":32}},{"start":{"line":8,"column":36},"end":{"line":8,"column":49}}],"line":8},"1":{"loc":{"start":{"line":13,"column":0},"end":{"line":17,"column":1}},"type":"if","locations":[{"start":{"line":13,"column":0},"end":{"line":17,"column":1}},{"start":{"line":15,"column":7},"end":{"line":17,"column":1}}],"line":13},"2":{"loc":{"start":{"line":23,"column":6},"end":{"line":26,"column":37}},"type":"binary-expr","locations":[{"start":{"line":23,"column":6},"end":{"line":23,"column":29}},{"start":{"line":24,"column":6},"end":{"line":24,"column":23}},{"start":{"line":25,"column":6},"end":{"line":25,"column":30}},{"start":{"line":26,"column":6},"end":{"line":26,"column":37}}],"line":23},"3":{"loc":{"start":{"line":35,"column":2},"end":{"line":37,"column":3}},"type":"if","locations":[{"start":{"line":35,"column":2},"end":{"line":37,"column":3}},{"start":{},"end":{}}],"line":35}},"s":{"0":1,"1":1,"2":1,"3":1,"4":1,"5":1,"6":1,"7":1,"8":1,"9":0,"10":1,"11":1,"12":2,"13":1,"14":1,"15":1,"16":1,"17":1,"18":1,"19":1,"20":1},"f":{"0":2,"1":1,"2":1},"b":{"0":[1,0],"1":[0,1],"2":[2,2,1,1],"3":[1,0]},"_coverageSchema":"1a1c01bbd47fc00a2c39e90264f33305004495a9","hash":"8fa43d735875f42897e2cc481214ce55891d5340"}
,"/Users/Saatwik_S/Afterlife/authService/src/database/models/user.js": {"path":"/Users/Saatwik_S/Afterlife/authService/src/database/models/user.js","statementMap":{"0":{"start":{"line":4,"column":4},"end":{"line":4,"column":24}},"1":{"start":{"line":5,"column":0},"end":{"line":24,"column":1}},"2":{"start":{"line":16,"column":2},"end":{"line":22,"column":4}},"3":{"start":{"line":23,"column":2},"end":{"line":23,"column":13}}},"fnMap":{"0":{"name":"(anonymous_0)","decl":{"start":{"line":5,"column":17},"end":{"line":5,"column":18}},"loc":{"start":{"line":5,"column":43},"end":{"line":24,"column":1}},"line":5},"1":{"name":"(anonymous_1)","decl":{"start":{"line":12,"column":4},"end":{"line":12,"column":5}},"loc":{"start":{"line":12,"column":30},"end":{"line":14,"column":5}},"line":12}},"branchMap":{},"s":{"0":1,"1":1,"2":1,"3":1},"f":{"0":1,"1":1},"b":{},"_coverageSchema":"1a1c01bbd47fc00a2c39e90264f33305004495a9","hash":"6fc65c42252166c65f6cdb9d2a97cc3fcbca4d98"}
,"/Users/Saatwik_S/Afterlife/authService/src/services/authService.js": {"path":"/Users/Saatwik_S/Afterlife/authService/src/services/authService.js","statementMap":{"0":{"start":{"line":1,"column":17},"end":{"line":1,"column":48}},"1":{"start":{"line":2,"column":16},"end":{"line":2,"column":42}},"2":{"start":{"line":3,"column":11},"end":{"line":3,"column":46}},"3":{"start":{"line":4,"column":18},"end":{"line":4,"column":53}},"4":{"start":{"line":5,"column":34},"end":{"line":5,"column":54}},"5":{"start":{"line":6,"column":18},"end":{"line":6,"column":46}},"6":{"start":{"line":7,"column":19},"end":{"line":22,"column":1}},"7":{"start":{"line":8,"column":2},"end":{"line":21,"column":3}},"8":{"start":{"line":9,"column":27},"end":{"line":9,"column":72}},"9":{"start":{"line":10,"column":17},"end":{"line":13,"column":6}},"10":{"start":{"line":14,"column":4},"end":{"line":14,"column":35}},"11":{"start":{"line":15,"column":4},"end":{"line":15,"column":15}},"12":{"start":{"line":17,"column":4},"end":{"line":19,"column":5}},"13":{"start":{"line":18,"column":6},"end":{"line":18,"column":57}},"14":{"start":{"line":20,"column":4},"end":{"line":20,"column":53}},"15":{"start":{"line":24,"column":14},"end":{"line":37,"column":1}},"16":{"start":{"line":25,"column":15},"end":{"line":29,"column":4}},"17":{"start":{"line":30,"column":2},"end":{"line":30,"column":61}},"18":{"start":{"line":30,"column":15},"end":{"line":30,"column":59}},"19":{"start":{"line":31,"column":19},"end":{"line":31,"column":34}},"20":{"start":{"line":32,"column":22},"end":{"line":32,"column":80}},"21":{"start":{"line":33,"column":2},"end":{"line":33,"column":66}},"22":{"start":{"line":33,"column":22},"end":{"line":33,"column":64}},"23":{"start":{"line":34,"column":16},"end":{"line":34,"column":50}},"24":{"start":{"line":35,"column":2},"end":{"line":35,"column":41}},"25":{"start":{"line":36,"column":2},"end":{"line":36,"column":14}},"26":{"start":{"line":39,"column":22},"end":{"line":48,"column":1}},"27":{"start":{"line":40,"column":2},"end":{"line":47,"column":3}},"28":{"start":{"line":41,"column":4},"end":{"line":41,"column":40}},"29":{"start":{"line":42,"column":4},"end":{"line":42,"column":38}},"30":{"start":{"line":43,"column":23},"end":{"line":43,"column":55}},"31":{"start":{"line":44,"column":4},"end":{"line":44,"column":21}},"32":{"start":{"line":46,"column":4},"end":{"line":46,"column":45}},"33":{"start":{"line":50,"column":0},"end":{"line":50,"column":53}}},"fnMap":{"0":{"name":"(anonymous_0)","decl":{"start":{"line":7,"column":19},"end":{"line":7,"column":20}},"loc":{"start":{"line":7,"column":49},"end":{"line":22,"column":1}},"line":7},"1":{"name":"(anonymous_1)","decl":{"start":{"line":24,"column":14},"end":{"line":24,"column":15}},"loc":{"start":{"line":24,"column":44},"end":{"line":37,"column":1}},"line":24},"2":{"name":"(anonymous_2)","decl":{"start":{"line":39,"column":22},"end":{"line":39,"column":23}},"loc":{"start":{"line":39,"column":39},"end":{"line":48,"column":1}},"line":39}},"branchMap":{"0":{"loc":{"start":{"line":17,"column":4},"end":{"line":19,"column":5}},"type":"if","locations":[{"start":{"line":17,"column":4},"end":{"line":19,"column":5}},{"start":{},"end":{}}],"line":17},"1":{"loc":{"start":{"line":30,"column":2},"end":{"line":30,"column":61}},"type":"if","locations":[{"start":{"line":30,"column":2},"end":{"line":30,"column":61}},{"start":{},"end":{}}],"line":30},"2":{"loc":{"start":{"line":33,"column":2},"end":{"line":33,"column":66}},"type":"if","locations":[{"start":{"line":33,"column":2},"end":{"line":33,"column":66}},{"start":{},"end":{}}],"line":33}},"s":{"0":1,"1":1,"2":1,"3":1,"4":1,"5":1,"6":1,"7":0,"8":0,"9":0,"10":0,"11":0,"12":0,"13":0,"14":0,"15":1,"16":0,"17":0,"18":0,"19":0,"20":0,"21":0,"22":0,"23":0,"24":0,"25":0,"26":1,"27":0,"28":0,"29":0,"30":0,"31":0,"32":0,"33":1},"f":{"0":0,"1":0,"2":0},"b":{"0":[0,0],"1":[0,0],"2":[0,0]},"_coverageSchema":"1a1c01bbd47fc00a2c39e90264f33305004495a9","hash":"9a35c8bf6c26d4c086b0e1d3074b1b42d63fa77d"}
,"/Users/Saatwik_S/Afterlife/authService/src/util/jwtUtil.js": {"path":"/Users/Saatwik_S/Afterlife/authService/src/util/jwtUtil.js","statementMap":{"0":{"start":{"line":1,"column":12},"end":{"line":1,"column":35}},"1":{"start":{"line":2,"column":21},"end":{"line":2,"column":25}},"2":{"start":{"line":3,"column":13},"end":{"line":3,"column":29}},"3":{"start":{"line":5,"column":25},"end":{"line":14,"column":1}},"4":{"start":{"line":6,"column":18},"end":{"line":9,"column":3}},"5":{"start":{"line":10,"column":16},"end":{"line":12,"column":4}},"6":{"start":{"line":13,"column":2},"end":{"line":13,"column":14}},"7":{"start":{"line":16,"column":20},"end":{"line":24,"column":1}},"8":{"start":{"line":17,"column":2},"end":{"line":23,"column":4}},"9":{"start":{"line":18,"column":4},"end":{"line":22,"column":6}},"10":{"start":{"line":19,"column":6},"end":{"line":19,"column":30}},"11":{"start":{"line":19,"column":17},"end":{"line":19,"column":30}},"12":{"start":{"line":20,"column":6},"end":{"line":20,"column":33}},"13":{"start":{"line":20,"column":20},"end":{"line":20,"column":33}},"14":{"start":{"line":21,"column":6},"end":{"line":21,"column":22}},"15":{"start":{"line":26,"column":29},"end":{"line":33,"column":1}},"16":{"start":{"line":27,"column":18},"end":{"line":30,"column":3}},"17":{"start":{"line":31,"column":16},"end":{"line":31,"column":60}},"18":{"start":{"line":32,"column":2},"end":{"line":32,"column":14}},"19":{"start":{"line":35,"column":0},"end":{"line":35,"column":72}}},"fnMap":{"0":{"name":"(anonymous_0)","decl":{"start":{"line":5,"column":25},"end":{"line":5,"column":26}},"loc":{"start":{"line":5,"column":47},"end":{"line":14,"column":1}},"line":5},"1":{"name":"(anonymous_1)","decl":{"start":{"line":16,"column":20},"end":{"line":16,"column":21}},"loc":{"start":{"line":16,"column":31},"end":{"line":24,"column":1}},"line":16},"2":{"name":"(anonymous_2)","decl":{"start":{"line":17,"column":21},"end":{"line":17,"column":22}},"loc":{"start":{"line":17,"column":42},"end":{"line":23,"column":3}},"line":17},"3":{"name":"(anonymous_3)","decl":{"start":{"line":18,"column":28},"end":{"line":18,"column":29}},"loc":{"start":{"line":18,"column":48},"end":{"line":22,"column":5}},"line":18},"4":{"name":"(anonymous_4)","decl":{"start":{"line":26,"column":29},"end":{"line":26,"column":30}},"loc":{"start":{"line":26,"column":37},"end":{"line":33,"column":1}},"line":26}},"branchMap":{"0":{"loc":{"start":{"line":19,"column":6},"end":{"line":19,"column":30}},"type":"if","locations":[{"start":{"line":19,"column":6},"end":{"line":19,"column":30}},{"start":{},"end":{}}],"line":19},"1":{"loc":{"start":{"line":20,"column":6},"end":{"line":20,"column":33}},"type":"if","locations":[{"start":{"line":20,"column":6},"end":{"line":20,"column":33}},{"start":{},"end":{}}],"line":20}},"s":{"0":1,"1":1,"2":1,"3":1,"4":0,"5":0,"6":0,"7":1,"8":0,"9":0,"10":0,"11":0,"12":0,"13":0,"14":0,"15":1,"16":0,"17":0,"18":0,"19":1},"f":{"0":0,"1":0,"2":0,"3":0,"4":0},"b":{"0":[0,0],"1":[0,0]},"_coverageSchema":"1a1c01bbd47fc00a2c39e90264f33305004495a9","hash":"a5e767054cf69eacc3e86a7b1e5313d08aaa6125"}
,"/Users/Saatwik_S/Afterlife/authService/src/util/passwordUtil.js": {"path":"/Users/Saatwik_S/Afterlife/authService/src/util/passwordUtil.js","statementMap":{"0":{"start":{"line":1,"column":15},"end":{"line":1,"column":32}},"1":{"start":{"line":2,"column":20},"end":{"line":2,"column":43}},"2":{"start":{"line":3,"column":29},"end":{"line":11,"column":1}},"3":{"start":{"line":4,"column":2},"end":{"line":10,"column":4}},"4":{"start":{"line":5,"column":4},"end":{"line":9,"column":6}},"5":{"start":{"line":6,"column":6},"end":{"line":6,"column":30}},"6":{"start":{"line":6,"column":17},"end":{"line":6,"column":30}},"7":{"start":{"line":8,"column":6},"end":{"line":8,"column":25}},"8":{"start":{"line":13,"column":23},"end":{"line":20,"column":1}},"9":{"start":{"line":14,"column":2},"end":{"line":19,"column":4}},"10":{"start":{"line":15,"column":4},"end":{"line":18,"column":6}},"11":{"start":{"line":16,"column":6},"end":{"line":16,"column":30}},"12":{"start":{"line":16,"column":17},"end":{"line":16,"column":30}},"13":{"start":{"line":17,"column":6},"end":{"line":17,"column":23}},"14":{"start":{"line":22,"column":0},"end":{"line":22,"column":57}}},"fnMap":{"0":{"name":"(anonymous_0)","decl":{"start":{"line":3,"column":29},"end":{"line":3,"column":30}},"loc":{"start":{"line":3,"column":43},"end":{"line":11,"column":1}},"line":3},"1":{"name":"(anonymous_1)","decl":{"start":{"line":4,"column":21},"end":{"line":4,"column":22}},"loc":{"start":{"line":4,"column":42},"end":{"line":10,"column":3}},"line":4},"2":{"name":"(anonymous_2)","decl":{"start":{"line":5,"column":49},"end":{"line":5,"column":50}},"loc":{"start":{"line":5,"column":72},"end":{"line":9,"column":5}},"line":5},"3":{"name":"(anonymous_3)","decl":{"start":{"line":13,"column":23},"end":{"line":13,"column":24}},"loc":{"start":{"line":13,"column":57},"end":{"line":20,"column":1}},"line":13},"4":{"name":"(anonymous_4)","decl":{"start":{"line":14,"column":21},"end":{"line":14,"column":22}},"loc":{"start":{"line":14,"column":42},"end":{"line":19,"column":3}},"line":14},"5":{"name":"(anonymous_5)","decl":{"start":{"line":15,"column":49},"end":{"line":15,"column":50}},"loc":{"start":{"line":15,"column":70},"end":{"line":18,"column":5}},"line":15}},"branchMap":{"0":{"loc":{"start":{"line":6,"column":6},"end":{"line":6,"column":30}},"type":"if","locations":[{"start":{"line":6,"column":6},"end":{"line":6,"column":30}},{"start":{},"end":{}}],"line":6},"1":{"loc":{"start":{"line":16,"column":6},"end":{"line":16,"column":30}},"type":"if","locations":[{"start":{"line":16,"column":6},"end":{"line":16,"column":30}},{"start":{},"end":{}}],"line":16}},"s":{"0":1,"1":1,"2":1,"3":0,"4":0,"5":0,"6":0,"7":0,"8":1,"9":0,"10":0,"11":0,"12":0,"13":0,"14":1},"f":{"0":0,"1":0,"2":0,"3":0,"4":0,"5":0},"b":{"0":[0,0],"1":[0,0]},"_coverageSchema":"1a1c01bbd47fc00a2c39e90264f33305004495a9","hash":"acfeff9f34fc8c88af5d07d24aab706d933503d3"}
,"/Users/Saatwik_S/Afterlife/authService/src/util/redisUtil.js": {"path":"/Users/Saatwik_S/Afterlife/authService/src/util/redisUtil.js","statementMap":{"0":{"start":{"line":2,"column":18},"end":{"line":2,"column":47}},"1":{"start":{"line":3,"column":19},"end":{"line":3,"column":49}},"2":{"start":{"line":5,"column":25},"end":{"line":7,"column":1}},"3":{"start":{"line":6,"column":2},"end":{"line":6,"column":41}},"4":{"start":{"line":9,"column":20},"end":{"line":13,"column":1}},"5":{"start":{"line":10,"column":15},"end":{"line":10,"column":38}},"6":{"start":{"line":11,"column":2},"end":{"line":11,"column":62}},"7":{"start":{"line":11,"column":21},"end":{"line":11,"column":62}},"8":{"start":{"line":12,"column":2},"end":{"line":12,"column":13}},"9":{"start":{"line":14,"column":0},"end":{"line":14,"column":50}}},"fnMap":{"0":{"name":"(anonymous_0)","decl":{"start":{"line":5,"column":25},"end":{"line":5,"column":26}},"loc":{"start":{"line":5,"column":42},"end":{"line":7,"column":1}},"line":5},"1":{"name":"(anonymous_1)","decl":{"start":{"line":9,"column":20},"end":{"line":9,"column":21}},"loc":{"start":{"line":9,"column":37},"end":{"line":13,"column":1}},"line":9}},"branchMap":{"0":{"loc":{"start":{"line":11,"column":2},"end":{"line":11,"column":62}},"type":"if","locations":[{"start":{"line":11,"column":2},"end":{"line":11,"column":62}},{"start":{},"end":{}}],"line":11}},"s":{"0":1,"1":1,"2":1,"3":0,"4":1,"5":0,"6":0,"7":0,"8":0,"9":1},"f":{"0":0,"1":0},"b":{"0":[0,0]},"_coverageSchema":"1a1c01bbd47fc00a2c39e90264f33305004495a9","hash":"50466cf65e1fe1e1564b6584b81d997cfb6cac23"}
,"/Users/Saatwik_S/Afterlife/authService/src/util/errors/httpError.js": {"path":"/Users/Saatwik_S/Afterlife/authService/src/util/errors/httpError.js","statementMap":{"0":{"start":{"line":3,"column":4},"end":{"line":3,"column":18}},"1":{"start":{"line":4,"column":4},"end":{"line":4,"column":20}},"2":{"start":{"line":8,"column":0},"end":{"line":8,"column":26}}},"fnMap":{"0":{"name":"(anonymous_0)","decl":{"start":{"line":2,"column":2},"end":{"line":2,"column":3}},"loc":{"start":{"line":2,"column":30},"end":{"line":5,"column":3}},"line":2}},"branchMap":{},"s":{"0":0,"1":0,"2":1},"f":{"0":0},"b":{},"_coverageSchema":"1a1c01bbd47fc00a2c39e90264f33305004495a9","hash":"69b3600a819d426071a3c0b7295bbacb8ad71610"}
}
